---------------------------------------------------------------
[ 2017-06-29T14:12:30+08:00 ] ::1 ::1 GET /member
[ info ] muti.cn/member [运行时间：0.606676s][吞吐率：1.65req/s] [内存消耗：2,543.54kb] [文件加载：39]
[ info ] [ LANG ] C:\wamp64\www\muti\thinkphp\lang\zh-cn.php
[ info ] [ BIND ] 'home'
[ info ] [ ROUTE ] array (
  'type' => 'module',
  'module' => 
  array (
    0 => 'home',
    1 => 'member',
    2 => NULL,
  ),
)
[ info ] [ HEADER ] array (
  'host' => 'muti.cn',
  'connection' => 'keep-alive',
  'upgrade-insecure-requests' => '1',
  'user-agent' => 'Mozilla/5.0 (Windows NT 10.0; Win64; x64) AppleWebKit/537.36 (KHTML, like Gecko) Chrome/59.0.3071.115 Safari/537.36',
  'accept' => 'text/html,application/xhtml+xml,application/xml;q=0.9,image/webp,image/apng,*/*;q=0.8',
  'accept-encoding' => 'gzip, deflate',
  'accept-language' => 'zh-CN,zh;q=0.8',
  'cookie' => 'pgv_pvi=1375149056; PHPSESSID=oh6mpm68otoq75edsthsa6rma1',
)
[ info ] [ PARAM ] array (
)
[ info ] [ LANG ] C:\wamp64\www\muti\public/../application/home\lang\zh-cn.php
[ info ] [ LOG ] INIT File
---------------------------------------------------------------
[ 2017-06-29T14:12:38+08:00 ] ::1 ::1 GET /member.php
[ info ] muti.cn/member.php [运行时间：0.183390s][吞吐率：5.45req/s] [内存消耗：2,953.23kb] [文件加载：43]
[ info ] [ LANG ] C:\wamp64\www\muti\thinkphp\lang\zh-cn.php
[ info ] [ BIND ] 'member'
[ info ] [ ROUTE ] array (
  'type' => 'module',
  'module' => 
  array (
    0 => 'member',
    1 => NULL,
    2 => NULL,
  ),
)
[ info ] [ HEADER ] array (
  'host' => 'muti.cn',
  'connection' => 'keep-alive',
  'upgrade-insecure-requests' => '1',
  'user-agent' => 'Mozilla/5.0 (Windows NT 10.0; Win64; x64) AppleWebKit/537.36 (KHTML, like Gecko) Chrome/59.0.3071.115 Safari/537.36',
  'accept' => 'text/html,application/xhtml+xml,application/xml;q=0.9,image/webp,image/apng,*/*;q=0.8',
  'accept-encoding' => 'gzip, deflate',
  'accept-language' => 'zh-CN,zh;q=0.8',
  'cookie' => 'pgv_pvi=1375149056; PHPSESSID=oh6mpm68otoq75edsthsa6rma1',
)
[ info ] [ PARAM ] array (
)
[ info ] [ RUN ] app\member\controller\Index->index[ C:\wamp64\www\muti\application\member\controller\Index.php ]
[ info ] [ VIEW ] C:\wamp64\www\muti\public/../application/member\view\index\index.html [ array (
) ]
[ info ] [ LOG ] INIT File
---------------------------------------------------------------
[ 2017-06-29T14:13:15+08:00 ] ::1 ::1 GET /member.php
[ info ] muti.cn/member.php [运行时间：0.122663s][吞吐率：8.15req/s] [内存消耗：3,205.59kb] [文件加载：45]
[ info ] [ LANG ] C:\wamp64\www\muti\thinkphp\lang\zh-cn.php
[ info ] [ BIND ] 'member'
[ info ] [ ROUTE ] array (
  'type' => 'module',
  'module' => 
  array (
    0 => 'member',
    1 => NULL,
    2 => NULL,
  ),
)
[ info ] [ HEADER ] array (
  'host' => 'muti.cn',
  'connection' => 'keep-alive',
  'cache-control' => 'max-age=0',
  'upgrade-insecure-requests' => '1',
  'user-agent' => 'Mozilla/5.0 (Windows NT 10.0; Win64; x64) AppleWebKit/537.36 (KHTML, like Gecko) Chrome/59.0.3071.115 Safari/537.36',
  'accept' => 'text/html,application/xhtml+xml,application/xml;q=0.9,image/webp,image/apng,*/*;q=0.8',
  'accept-encoding' => 'gzip, deflate',
  'accept-language' => 'zh-CN,zh;q=0.8',
  'cookie' => 'pgv_pvi=1375149056; PHPSESSID=oh6mpm68otoq75edsthsa6rma1',
)
[ info ] [ PARAM ] array (
)
[ info ] [ RUN ] app\member\controller\Index->index[ C:\wamp64\www\muti\application\member\controller\Index.php ]
[ info ] [ VIEW ] C:\wamp64\www\muti\public/../application/member\view\index\index.html [ array (
) ]
[ info ] [ LOG ] INIT File
---------------------------------------------------------------
[ 2017-06-29T14:13:32+08:00 ] ::1 ::1 GET /member.php
[ info ] muti.cn/member.php [运行时间：0.051512s][吞吐率：19.41req/s] [内存消耗：3,204.05kb] [文件加载：45]
[ info ] [ LANG ] C:\wamp64\www\muti\thinkphp\lang\zh-cn.php
[ info ] [ BIND ] 'member'
[ info ] [ ROUTE ] array (
  'type' => 'module',
  'module' => 
  array (
    0 => 'member',
    1 => NULL,
    2 => NULL,
  ),
)
[ info ] [ HEADER ] array (
  'host' => 'muti.cn',
  'connection' => 'keep-alive',
  'cache-control' => 'max-age=0',
  'upgrade-insecure-requests' => '1',
  'user-agent' => 'Mozilla/5.0 (Windows NT 10.0; Win64; x64) AppleWebKit/537.36 (KHTML, like Gecko) Chrome/59.0.3071.115 Safari/537.36',
  'accept' => 'text/html,application/xhtml+xml,application/xml;q=0.9,image/webp,image/apng,*/*;q=0.8',
  'accept-encoding' => 'gzip, deflate',
  'accept-language' => 'zh-CN,zh;q=0.8',
  'cookie' => 'pgv_pvi=1375149056; PHPSESSID=oh6mpm68otoq75edsthsa6rma1',
)
[ info ] [ PARAM ] array (
)
[ info ] [ RUN ] app\member\controller\Index->index[ C:\wamp64\www\muti\application\member\controller\Index.php ]
[ info ] [ VIEW ] C:\wamp64\www\muti\public/../application/member\view\index\index.html [ array (
) ]
[ info ] [ LOG ] INIT File
---------------------------------------------------------------
[ 2017-06-29T14:24:33+08:00 ] ::1 ::1 GET /member.php
[ info ] muti.cn/member.php [运行时间：0.054769s][吞吐率：18.26req/s] [内存消耗：3,199.58kb] [文件加载：45]
[ info ] [ LANG ] C:\wamp64\www\muti\thinkphp\lang\zh-cn.php
[ info ] [ BIND ] 'member'
[ info ] [ ROUTE ] array (
  'type' => 'module',
  'module' => 
  array (
    0 => 'member',
    1 => NULL,
    2 => NULL,
  ),
)
[ info ] [ HEADER ] array (
  'host' => 'muti.cn',
  'connection' => 'keep-alive',
  'cache-control' => 'max-age=0',
  'upgrade-insecure-requests' => '1',
  'user-agent' => 'Mozilla/5.0 (Windows NT 10.0; Win64; x64) AppleWebKit/537.36 (KHTML, like Gecko) Chrome/59.0.3071.115 Safari/537.36',
  'accept' => 'text/html,application/xhtml+xml,application/xml;q=0.9,image/webp,image/apng,*/*;q=0.8',
  'accept-encoding' => 'gzip, deflate',
  'accept-language' => 'zh-CN,zh;q=0.8',
  'cookie' => 'pgv_pvi=1375149056; PHPSESSID=oh6mpm68otoq75edsthsa6rma1',
)
[ info ] [ PARAM ] array (
)
[ info ] [ RUN ] app\member\controller\Index->index[ C:\wamp64\www\muti\application\member\controller\Index.php ]
[ info ] [ VIEW ] C:\wamp64\www\muti\public/../application/member\view\index\index.html [ array (
) ]
[ info ] [ LOG ] INIT File
