---------------------------------------------------------------
[ 2017-07-05T23:52:06+08:00 ] ::1 ::1 GET /admin.php
[ info ] muti.cn/admin.php [运行时间：0.730603s][吞吐率：1.37req/s] [内存消耗：3,157.24kb] [文件加载：48]
[ info ] [ LANG ] C:\wamp64\www\muti\thinkphp\lang\zh-cn.php
[ info ] [ BIND ] 'admin'
[ info ] [ ROUTE ] array (
  'type' => 'module',
  'module' => 
  array (
    0 => 'admin',
    1 => NULL,
    2 => NULL,
  ),
)
[ info ] [ HEADER ] array (
  'host' => 'muti.cn',
  'connection' => 'keep-alive',
  'upgrade-insecure-requests' => '1',
  'user-agent' => 'Mozilla/5.0 (Windows NT 10.0; Win64; x64) AppleWebKit/537.36 (KHTML, like Gecko) Chrome/59.0.3071.115 Safari/537.36',
  'accept' => 'text/html,application/xhtml+xml,application/xml;q=0.9,image/webp,image/apng,*/*;q=0.8',
  'accept-encoding' => 'gzip, deflate',
  'accept-language' => 'zh-CN,zh;q=0.8',
  'cookie' => 'pgv_pvi=1375149056',
)
[ info ] [ PARAM ] array (
)
[ info ] [ LANG ] C:\wamp64\www\muti\public/../application/admin\lang\zh-cn.php
[ info ] [ SESSION ] INIT array (
  'id' => '',
  'var_session_id' => '',
  'prefix' => '',
  'type' => '',
  'auto_start' => true,
)
[ info ] [ VIEW ] C:\wamp64\www\muti\public/../application/admin/view/\dispatch_jump.tpl [ array (
  0 => 'set_lang',
  1 => 'code',
  2 => 'msg',
  3 => 'data',
  4 => 'url',
  5 => 'wait',
) ]
[ info ] [ LOG ] INIT File
---------------------------------------------------------------
[ 2017-07-05T23:52:09+08:00 ] ::1 ::1 GET /admin.php/login/index
[ info ] muti.cn/admin.php/login/index [运行时间：0.084261s][吞吐率：11.87req/s] [内存消耗：3,153.41kb] [文件加载：47]
[ info ] [ LANG ] C:\wamp64\www\muti\thinkphp\lang\zh-cn.php
[ info ] [ BIND ] 'admin'
[ info ] [ ROUTE ] array (
  'type' => 'module',
  'module' => 
  array (
    0 => 'admin',
    1 => 'login',
    2 => 'index',
  ),
)
[ info ] [ HEADER ] array (
  'host' => 'muti.cn',
  'connection' => 'keep-alive',
  'upgrade-insecure-requests' => '1',
  'user-agent' => 'Mozilla/5.0 (Windows NT 10.0; Win64; x64) AppleWebKit/537.36 (KHTML, like Gecko) Chrome/59.0.3071.115 Safari/537.36',
  'accept' => 'text/html,application/xhtml+xml,application/xml;q=0.9,image/webp,image/apng,*/*;q=0.8',
  'referer' => 'http://muti.cn/admin.php',
  'accept-encoding' => 'gzip, deflate',
  'accept-language' => 'zh-CN,zh;q=0.8',
  'cookie' => 'pgv_pvi=1375149056; PHPSESSID=qbqinfi1u2egaijbea6bp4h6r0',
)
[ info ] [ PARAM ] array (
)
[ info ] [ LANG ] C:\wamp64\www\muti\public/../application/admin\lang\zh-cn.php
[ info ] [ RUN ] app\admin\controller\Login->index[ C:\wamp64\www\muti\application\admin\controller\Login.php ]
[ info ] [ SESSION ] INIT array (
  'id' => '',
  'var_session_id' => '',
  'prefix' => '',
  'type' => '',
  'auto_start' => true,
)
[ info ] [ VIEW ] C:\wamp64\www\muti\public/../application/admin\view\login\index.html [ array (
  0 => 'set_lang',
) ]
[ info ] [ LOG ] INIT File
---------------------------------------------------------------
[ 2017-07-05T23:52:09+08:00 ] ::1 ::1 GET /admin.php/captcha
[ info ] muti.cn/admin.php/captcha [运行时间：0.099582s][吞吐率：10.04req/s] [内存消耗：2,557.52kb] [文件加载：35]
[ info ] [ LANG ] C:\wamp64\www\muti\thinkphp\lang\zh-cn.php
[ info ] [ BIND ] 'admin'
[ info ] [ ROUTE ] array (
  'type' => 'method',
  'method' => 
  array (
    0 => '\\think\\captcha\\CaptchaController',
    1 => 'index',
  ),
  'var' => 
  array (
  ),
)
[ info ] [ HEADER ] array (
  'host' => 'muti.cn',
  'connection' => 'keep-alive',
  'user-agent' => 'Mozilla/5.0 (Windows NT 10.0; Win64; x64) AppleWebKit/537.36 (KHTML, like Gecko) Chrome/59.0.3071.115 Safari/537.36',
  'accept' => 'image/webp,image/apng,image/*,*/*;q=0.8',
  'referer' => 'http://muti.cn/admin.php/login/index',
  'accept-encoding' => 'gzip, deflate',
  'accept-language' => 'zh-CN,zh;q=0.8',
  'cookie' => 'pgv_pvi=1375149056; PHPSESSID=qbqinfi1u2egaijbea6bp4h6r0',
)
[ info ] [ PARAM ] array (
  'id' => NULL,
)
[ info ] [ RUN ] think\captcha\CaptchaController->index[ C:\wamp64\www\muti\vendor\topthink\think-captcha\src\CaptchaController.php ]
[ info ] [ SESSION ] INIT array (
  'id' => '',
  'var_session_id' => '',
  'prefix' => 'think',
  'type' => '',
  'auto_start' => true,
)
[ info ] [ LOG ] INIT File
---------------------------------------------------------------
[ 2017-07-05T23:52:26+08:00 ] ::1 ::1 POST /admin.php/login/doLogin
[ info ] muti.cn/admin.php/login/doLogin [运行时间：0.274160s][吞吐率：3.65req/s] [内存消耗：5,488.85kb] [文件加载：63]
[ info ] [ LANG ] C:\wamp64\www\muti\thinkphp\lang\zh-cn.php
[ info ] [ BIND ] 'admin'
[ info ] [ ROUTE ] array (
  'type' => 'module',
  'module' => 
  array (
    0 => 'admin',
    1 => 'login',
    2 => 'doLogin',
  ),
)
[ info ] [ HEADER ] array (
  'host' => 'muti.cn',
  'connection' => 'keep-alive',
  'content-length' => '43',
  'origin' => 'http://muti.cn',
  'user-agent' => 'Mozilla/5.0 (Windows NT 10.0; Win64; x64) AppleWebKit/537.36 (KHTML, like Gecko) Chrome/59.0.3071.115 Safari/537.36',
  'content-type' => 'application/x-www-form-urlencoded; charset=UTF-8',
  'accept' => 'application/json, text/javascript, */*; q=0.01',
  'x-requested-with' => 'XMLHttpRequest',
  'referer' => 'http://muti.cn/admin.php/login/index',
  'accept-encoding' => 'gzip, deflate',
  'accept-language' => 'zh-CN,zh;q=0.8',
  'cookie' => 'pgv_pvi=1375149056; PHPSESSID=qbqinfi1u2egaijbea6bp4h6r0',
)
[ info ] [ PARAM ] array (
  'account' => 'admin',
  'password' => '123456',
  'captcha' => 'zdrha',
)
[ info ] [ LANG ] C:\wamp64\www\muti\public/../application/admin\lang\zh-cn.php
[ info ] [ RUN ] app\admin\controller\Login->doLogin[ C:\wamp64\www\muti\application\admin\controller\Login.php ]
[ info ] [ SESSION ] INIT array (
  'id' => '',
  'var_session_id' => '',
  'prefix' => '',
  'type' => '',
  'auto_start' => true,
)
[ info ] [ DB ] INIT mysql
[ info ] [ LOG ] INIT File
[ sql ] [ DB ] CONNECT:[ UseTime:0.002136s ] mysql:dbname=muti;host=localhost;port=3306;charset=utf8
[ sql ] [ SQL ] SHOW COLUMNS FROM `mt_admin` [ RunTime:0.005368s ]
[ sql ] [ SQL ] SELECT * FROM `mt_admin` WHERE (  `account` = 'admin' ) AND `mt_admin`.`deletetime` IS NULL LIMIT 1 [ RunTime:0.000651s ]
[ sql ] [ SQL ] SHOW COLUMNS FROM `mt_log_record` [ RunTime:0.000865s ]
[ sql ] [ SQL ] INSERT INTO `mt_log_record` (`remark` , `ip` , `user_id` , `browser` , `os`) VALUES ('登录成功' , '::1' , 0 , 'chrome-59' , 'Windows 10') [ RunTime:0.000663s ]
---------------------------------------------------------------
[ 2017-07-05T23:52:26+08:00 ] ::1 ::1 GET /admin.php/captcha?=r0.44628581370660303
[ info ] muti.cn/admin.php/captcha?=r0.44628581370660303 [运行时间：0.068705s][吞吐率：14.55req/s] [内存消耗：3,307.94kb] [文件加载：40]
[ info ] [ LANG ] C:\wamp64\www\muti\thinkphp\lang\zh-cn.php
[ info ] [ BIND ] 'admin'
[ info ] [ ROUTE ] array (
  'type' => 'method',
  'method' => 
  array (
    0 => '\\think\\captcha\\CaptchaController',
    1 => 'index',
  ),
  'var' => 
  array (
  ),
)
[ info ] [ HEADER ] array (
  'host' => 'muti.cn',
  'connection' => 'keep-alive',
  'user-agent' => 'Mozilla/5.0 (Windows NT 10.0; Win64; x64) AppleWebKit/537.36 (KHTML, like Gecko) Chrome/59.0.3071.115 Safari/537.36',
  'accept' => 'image/webp,image/apng,image/*,*/*;q=0.8',
  'referer' => 'http://muti.cn/admin.php/login/index',
  'accept-encoding' => 'gzip, deflate',
  'accept-language' => 'zh-CN,zh;q=0.8',
  'cookie' => 'pgv_pvi=1375149056; PHPSESSID=qbqinfi1u2egaijbea6bp4h6r0',
)
[ info ] [ PARAM ] array (
  'id' => NULL,
)
[ info ] [ RUN ] think\captcha\CaptchaController->index[ C:\wamp64\www\muti\vendor\topthink\think-captcha\src\CaptchaController.php ]
[ info ] [ SESSION ] INIT array (
  'id' => '',
  'var_session_id' => '',
  'prefix' => 'think',
  'type' => '',
  'auto_start' => true,
)
[ info ] [ LOG ] INIT File
---------------------------------------------------------------
[ 2017-07-05T23:52:26+08:00 ] ::1 ::1 GET /admin.php/index/index
[ info ] muti.cn/admin.php/index/index [运行时间：0.082175s][吞吐率：12.17req/s] [内存消耗：3,908.40kb] [文件加载：53]
[ info ] [ LANG ] C:\wamp64\www\muti\thinkphp\lang\zh-cn.php
[ info ] [ BIND ] 'admin'
[ info ] [ ROUTE ] array (
  'type' => 'module',
  'module' => 
  array (
    0 => 'admin',
    1 => 'index',
    2 => 'index',
  ),
)
[ info ] [ HEADER ] array (
  'host' => 'muti.cn',
  'connection' => 'keep-alive',
  'upgrade-insecure-requests' => '1',
  'user-agent' => 'Mozilla/5.0 (Windows NT 10.0; Win64; x64) AppleWebKit/537.36 (KHTML, like Gecko) Chrome/59.0.3071.115 Safari/537.36',
  'accept' => 'text/html,application/xhtml+xml,application/xml;q=0.9,image/webp,image/apng,*/*;q=0.8',
  'referer' => 'http://muti.cn/admin.php/login/index',
  'accept-encoding' => 'gzip, deflate',
  'accept-language' => 'zh-CN,zh;q=0.8',
  'cookie' => 'pgv_pvi=1375149056; PHPSESSID=qbqinfi1u2egaijbea6bp4h6r0',
)
[ info ] [ PARAM ] array (
)
[ info ] [ LANG ] C:\wamp64\www\muti\public/../application/admin\lang\zh-cn.php
[ info ] [ SESSION ] INIT array (
  'id' => '',
  'var_session_id' => '',
  'prefix' => '',
  'type' => '',
  'auto_start' => true,
)
[ info ] [ VIEW ] C:\wamp64\www\muti\public/../application/admin/view/\dispatch_jump.tpl [ array (
  0 => 'set_lang',
  1 => 'code',
  2 => 'msg',
  3 => 'data',
  4 => 'url',
  5 => 'wait',
) ]
[ info ] [ LOG ] INIT File
---------------------------------------------------------------
[ 2017-07-05T23:52:29+08:00 ] ::1 ::1 GET /admin.php/login/index
[ info ] muti.cn/admin.php/login/index [运行时间：0.056498s][吞吐率：17.70req/s] [内存消耗：3,904.63kb] [文件加载：52]
[ info ] [ LANG ] C:\wamp64\www\muti\thinkphp\lang\zh-cn.php
[ info ] [ BIND ] 'admin'
[ info ] [ ROUTE ] array (
  'type' => 'module',
  'module' => 
  array (
    0 => 'admin',
    1 => 'login',
    2 => 'index',
  ),
)
[ info ] [ HEADER ] array (
  'host' => 'muti.cn',
  'connection' => 'keep-alive',
  'upgrade-insecure-requests' => '1',
  'user-agent' => 'Mozilla/5.0 (Windows NT 10.0; Win64; x64) AppleWebKit/537.36 (KHTML, like Gecko) Chrome/59.0.3071.115 Safari/537.36',
  'accept' => 'text/html,application/xhtml+xml,application/xml;q=0.9,image/webp,image/apng,*/*;q=0.8',
  'referer' => 'http://muti.cn/admin.php/index/index',
  'accept-encoding' => 'gzip, deflate',
  'accept-language' => 'zh-CN,zh;q=0.8',
  'cookie' => 'pgv_pvi=1375149056; PHPSESSID=qbqinfi1u2egaijbea6bp4h6r0',
)
[ info ] [ PARAM ] array (
)
[ info ] [ LANG ] C:\wamp64\www\muti\public/../application/admin\lang\zh-cn.php
[ info ] [ RUN ] app\admin\controller\Login->index[ C:\wamp64\www\muti\application\admin\controller\Login.php ]
[ info ] [ SESSION ] INIT array (
  'id' => '',
  'var_session_id' => '',
  'prefix' => '',
  'type' => '',
  'auto_start' => true,
)
[ info ] [ VIEW ] C:\wamp64\www\muti\public/../application/admin\view\login\index.html [ array (
  0 => 'set_lang',
) ]
[ info ] [ LOG ] INIT File
---------------------------------------------------------------
[ 2017-07-05T23:52:29+08:00 ] ::1 ::1 GET /admin.php/captcha
[ info ] muti.cn/admin.php/captcha [运行时间：0.066851s][吞吐率：14.96req/s] [内存消耗：3,308.02kb] [文件加载：40]
[ info ] [ LANG ] C:\wamp64\www\muti\thinkphp\lang\zh-cn.php
[ info ] [ BIND ] 'admin'
[ info ] [ ROUTE ] array (
  'type' => 'method',
  'method' => 
  array (
    0 => '\\think\\captcha\\CaptchaController',
    1 => 'index',
  ),
  'var' => 
  array (
  ),
)
[ info ] [ HEADER ] array (
  'host' => 'muti.cn',
  'connection' => 'keep-alive',
  'user-agent' => 'Mozilla/5.0 (Windows NT 10.0; Win64; x64) AppleWebKit/537.36 (KHTML, like Gecko) Chrome/59.0.3071.115 Safari/537.36',
  'accept' => 'image/webp,image/apng,image/*,*/*;q=0.8',
  'referer' => 'http://muti.cn/admin.php/login/index',
  'accept-encoding' => 'gzip, deflate',
  'accept-language' => 'zh-CN,zh;q=0.8',
  'cookie' => 'pgv_pvi=1375149056; PHPSESSID=qbqinfi1u2egaijbea6bp4h6r0',
)
[ info ] [ PARAM ] array (
  'id' => NULL,
)
[ info ] [ RUN ] think\captcha\CaptchaController->index[ C:\wamp64\www\muti\vendor\topthink\think-captcha\src\CaptchaController.php ]
[ info ] [ SESSION ] INIT array (
  'id' => '',
  'var_session_id' => '',
  'prefix' => 'think',
  'type' => '',
  'auto_start' => true,
)
[ info ] [ LOG ] INIT File
---------------------------------------------------------------
[ 2017-07-05T23:52:46+08:00 ] ::1 ::1 POST /admin.php/login/doLogin
[ info ] muti.cn/admin.php/login/doLogin [运行时间：0.053901s][吞吐率：18.55req/s] [内存消耗：3,884.41kb] [文件加载：52]
[ info ] [ LANG ] C:\wamp64\www\muti\thinkphp\lang\zh-cn.php
[ info ] [ BIND ] 'admin'
[ info ] [ ROUTE ] array (
  'type' => 'module',
  'module' => 
  array (
    0 => 'admin',
    1 => 'login',
    2 => 'doLogin',
  ),
)
[ info ] [ HEADER ] array (
  'host' => 'muti.cn',
  'connection' => 'keep-alive',
  'content-length' => '43',
  'origin' => 'http://muti.cn',
  'user-agent' => 'Mozilla/5.0 (Windows NT 10.0; Win64; x64) AppleWebKit/537.36 (KHTML, like Gecko) Chrome/59.0.3071.115 Safari/537.36',
  'content-type' => 'application/x-www-form-urlencoded; charset=UTF-8',
  'accept' => 'application/json, text/javascript, */*; q=0.01',
  'x-requested-with' => 'XMLHttpRequest',
  'referer' => 'http://muti.cn/admin.php/login/index',
  'accept-encoding' => 'gzip, deflate',
  'accept-language' => 'zh-CN,zh;q=0.8',
  'cookie' => 'pgv_pvi=1375149056; PHPSESSID=qbqinfi1u2egaijbea6bp4h6r0',
)
[ info ] [ PARAM ] array (
  'account' => 'admin',
  'password' => '123456',
  'captcha' => 'xahxm',
)
[ info ] [ LANG ] C:\wamp64\www\muti\public/../application/admin\lang\zh-cn.php
[ info ] [ RUN ] app\admin\controller\Login->doLogin[ C:\wamp64\www\muti\application\admin\controller\Login.php ]
[ info ] [ SESSION ] INIT array (
  'id' => '',
  'var_session_id' => '',
  'prefix' => '',
  'type' => '',
  'auto_start' => true,
)
[ info ] [ LOG ] INIT File
---------------------------------------------------------------
[ 2017-07-05T23:52:46+08:00 ] ::1 ::1 GET /admin.php/captcha?=r0.3559016675080402
[ info ] muti.cn/admin.php/captcha?=r0.3559016675080402 [运行时间：0.047385s][吞吐率：21.10req/s] [内存消耗：3,308.02kb] [文件加载：40]
[ info ] [ LANG ] C:\wamp64\www\muti\thinkphp\lang\zh-cn.php
[ info ] [ BIND ] 'admin'
[ info ] [ ROUTE ] array (
  'type' => 'method',
  'method' => 
  array (
    0 => '\\think\\captcha\\CaptchaController',
    1 => 'index',
  ),
  'var' => 
  array (
  ),
)
[ info ] [ HEADER ] array (
  'host' => 'muti.cn',
  'connection' => 'keep-alive',
  'user-agent' => 'Mozilla/5.0 (Windows NT 10.0; Win64; x64) AppleWebKit/537.36 (KHTML, like Gecko) Chrome/59.0.3071.115 Safari/537.36',
  'accept' => 'image/webp,image/apng,image/*,*/*;q=0.8',
  'referer' => 'http://muti.cn/admin.php/login/index',
  'accept-encoding' => 'gzip, deflate',
  'accept-language' => 'zh-CN,zh;q=0.8',
  'cookie' => 'pgv_pvi=1375149056; PHPSESSID=qbqinfi1u2egaijbea6bp4h6r0',
)
[ info ] [ PARAM ] array (
  'id' => NULL,
)
[ info ] [ RUN ] think\captcha\CaptchaController->index[ C:\wamp64\www\muti\vendor\topthink\think-captcha\src\CaptchaController.php ]
[ info ] [ SESSION ] INIT array (
  'id' => '',
  'var_session_id' => '',
  'prefix' => 'think',
  'type' => '',
  'auto_start' => true,
)
[ info ] [ LOG ] INIT File
---------------------------------------------------------------
[ 2017-07-05T23:52:56+08:00 ] ::1 ::1 GET /admin.php/captcha?=r0.3559016675080402?=r0.06969589824575029
[ info ] muti.cn/admin.php/captcha?=r0.3559016675080402?=r0.06969589824575029 [运行时间：0.056820s][吞吐率：17.60req/s] [内存消耗：3,308.49kb] [文件加载：40]
[ info ] [ LANG ] C:\wamp64\www\muti\thinkphp\lang\zh-cn.php
[ info ] [ BIND ] 'admin'
[ info ] [ ROUTE ] array (
  'type' => 'method',
  'method' => 
  array (
    0 => '\\think\\captcha\\CaptchaController',
    1 => 'index',
  ),
  'var' => 
  array (
  ),
)
[ info ] [ HEADER ] array (
  'host' => 'muti.cn',
  'connection' => 'keep-alive',
  'user-agent' => 'Mozilla/5.0 (Windows NT 10.0; Win64; x64) AppleWebKit/537.36 (KHTML, like Gecko) Chrome/59.0.3071.115 Safari/537.36',
  'accept' => 'image/webp,image/apng,image/*,*/*;q=0.8',
  'referer' => 'http://muti.cn/admin.php/login/index',
  'accept-encoding' => 'gzip, deflate',
  'accept-language' => 'zh-CN,zh;q=0.8',
  'cookie' => 'pgv_pvi=1375149056; PHPSESSID=qbqinfi1u2egaijbea6bp4h6r0',
)
[ info ] [ PARAM ] array (
  'id' => NULL,
)
[ info ] [ RUN ] think\captcha\CaptchaController->index[ C:\wamp64\www\muti\vendor\topthink\think-captcha\src\CaptchaController.php ]
[ info ] [ SESSION ] INIT array (
  'id' => '',
  'var_session_id' => '',
  'prefix' => 'think',
  'type' => '',
  'auto_start' => true,
)
[ info ] [ LOG ] INIT File
---------------------------------------------------------------
[ 2017-07-05T23:52:57+08:00 ] ::1 ::1 GET /admin.php/captcha?=r0.3559016675080402?=r0.06969589824575029?=r0.285678073819035
[ info ] muti.cn/admin.php/captcha?=r0.3559016675080402?=r0.06969589824575029?=r0.285678073819035 [运行时间：0.053136s][吞吐率：18.82req/s] [内存消耗：3,308.30kb] [文件加载：40]
[ info ] [ LANG ] C:\wamp64\www\muti\thinkphp\lang\zh-cn.php
[ info ] [ BIND ] 'admin'
[ info ] [ ROUTE ] array (
  'type' => 'method',
  'method' => 
  array (
    0 => '\\think\\captcha\\CaptchaController',
    1 => 'index',
  ),
  'var' => 
  array (
  ),
)
[ info ] [ HEADER ] array (
  'host' => 'muti.cn',
  'connection' => 'keep-alive',
  'user-agent' => 'Mozilla/5.0 (Windows NT 10.0; Win64; x64) AppleWebKit/537.36 (KHTML, like Gecko) Chrome/59.0.3071.115 Safari/537.36',
  'accept' => 'image/webp,image/apng,image/*,*/*;q=0.8',
  'referer' => 'http://muti.cn/admin.php/login/index',
  'accept-encoding' => 'gzip, deflate',
  'accept-language' => 'zh-CN,zh;q=0.8',
  'cookie' => 'pgv_pvi=1375149056; PHPSESSID=qbqinfi1u2egaijbea6bp4h6r0',
)
[ info ] [ PARAM ] array (
  'id' => NULL,
)
[ info ] [ RUN ] think\captcha\CaptchaController->index[ C:\wamp64\www\muti\vendor\topthink\think-captcha\src\CaptchaController.php ]
[ info ] [ SESSION ] INIT array (
  'id' => '',
  'var_session_id' => '',
  'prefix' => 'think',
  'type' => '',
  'auto_start' => true,
)
[ info ] [ LOG ] INIT File
---------------------------------------------------------------
[ 2017-07-05T23:52:58+08:00 ] ::1 ::1 GET /admin.php/captcha?=r0.3559016675080402?=r0.06969589824575029?=r0.285678073819035?=r0.7470499768712862
[ info ] muti.cn/admin.php/captcha?=r0.3559016675080402?=r0.06969589824575029?=r0.285678073819035?=r0.7470499768712862 [运行时间：0.060398s][吞吐率：16.56req/s] [内存消耗：3,308.38kb] [文件加载：40]
[ info ] [ LANG ] C:\wamp64\www\muti\thinkphp\lang\zh-cn.php
[ info ] [ BIND ] 'admin'
[ info ] [ ROUTE ] array (
  'type' => 'method',
  'method' => 
  array (
    0 => '\\think\\captcha\\CaptchaController',
    1 => 'index',
  ),
  'var' => 
  array (
  ),
)
[ info ] [ HEADER ] array (
  'host' => 'muti.cn',
  'connection' => 'keep-alive',
  'user-agent' => 'Mozilla/5.0 (Windows NT 10.0; Win64; x64) AppleWebKit/537.36 (KHTML, like Gecko) Chrome/59.0.3071.115 Safari/537.36',
  'accept' => 'image/webp,image/apng,image/*,*/*;q=0.8',
  'referer' => 'http://muti.cn/admin.php/login/index',
  'accept-encoding' => 'gzip, deflate',
  'accept-language' => 'zh-CN,zh;q=0.8',
  'cookie' => 'pgv_pvi=1375149056; PHPSESSID=qbqinfi1u2egaijbea6bp4h6r0',
)
[ info ] [ PARAM ] array (
  'id' => NULL,
)
[ info ] [ RUN ] think\captcha\CaptchaController->index[ C:\wamp64\www\muti\vendor\topthink\think-captcha\src\CaptchaController.php ]
[ info ] [ SESSION ] INIT array (
  'id' => '',
  'var_session_id' => '',
  'prefix' => 'think',
  'type' => '',
  'auto_start' => true,
)
[ info ] [ LOG ] INIT File
---------------------------------------------------------------
[ 2017-07-05T23:52:59+08:00 ] ::1 ::1 GET /admin.php/captcha?=r0.3559016675080402?=r0.06969589824575029?=r0.285678073819035?=r0.7470499768712862?=r0.9994940110219521
[ info ] muti.cn/admin.php/captcha?=r0.3559016675080402?=r0.06969589824575029?=r0.285678073819035?=r0.7470499768712862?=r0.9994940110219521 [运行时间：0.050654s][吞吐率：19.74req/s] [内存消耗：3,308.32kb] [文件加载：40]
[ info ] [ LANG ] C:\wamp64\www\muti\thinkphp\lang\zh-cn.php
[ info ] [ BIND ] 'admin'
[ info ] [ ROUTE ] array (
  'type' => 'method',
  'method' => 
  array (
    0 => '\\think\\captcha\\CaptchaController',
    1 => 'index',
  ),
  'var' => 
  array (
  ),
)
[ info ] [ HEADER ] array (
  'host' => 'muti.cn',
  'connection' => 'keep-alive',
  'user-agent' => 'Mozilla/5.0 (Windows NT 10.0; Win64; x64) AppleWebKit/537.36 (KHTML, like Gecko) Chrome/59.0.3071.115 Safari/537.36',
  'accept' => 'image/webp,image/apng,image/*,*/*;q=0.8',
  'referer' => 'http://muti.cn/admin.php/login/index',
  'accept-encoding' => 'gzip, deflate',
  'accept-language' => 'zh-CN,zh;q=0.8',
  'cookie' => 'pgv_pvi=1375149056; PHPSESSID=qbqinfi1u2egaijbea6bp4h6r0',
)
[ info ] [ PARAM ] array (
  'id' => NULL,
)
[ info ] [ RUN ] think\captcha\CaptchaController->index[ C:\wamp64\www\muti\vendor\topthink\think-captcha\src\CaptchaController.php ]
[ info ] [ SESSION ] INIT array (
  'id' => '',
  'var_session_id' => '',
  'prefix' => 'think',
  'type' => '',
  'auto_start' => true,
)
[ info ] [ LOG ] INIT File
---------------------------------------------------------------
[ 2017-07-05T23:53:01+08:00 ] ::1 ::1 GET /admin.php/captcha?=r0.3559016675080402?=r0.06969589824575029?=r0.285678073819035?=r0.7470499768712862?=r0.9994940110219521?=r0.060394783689938114
[ info ] muti.cn/admin.php/captcha?=r0.3559016675080402?=r0.06969589824575029?=r0.285678073819035?=r0.7470499768712862?=r0.9994940110219521?=r0.060394783689938114 [运行时间：0.049350s][吞吐率：20.26req/s] [内存消耗：3,308.36kb] [文件加载：40]
[ info ] [ LANG ] C:\wamp64\www\muti\thinkphp\lang\zh-cn.php
[ info ] [ BIND ] 'admin'
[ info ] [ ROUTE ] array (
  'type' => 'method',
  'method' => 
  array (
    0 => '\\think\\captcha\\CaptchaController',
    1 => 'index',
  ),
  'var' => 
  array (
  ),
)
[ info ] [ HEADER ] array (
  'host' => 'muti.cn',
  'connection' => 'keep-alive',
  'user-agent' => 'Mozilla/5.0 (Windows NT 10.0; Win64; x64) AppleWebKit/537.36 (KHTML, like Gecko) Chrome/59.0.3071.115 Safari/537.36',
  'accept' => 'image/webp,image/apng,image/*,*/*;q=0.8',
  'referer' => 'http://muti.cn/admin.php/login/index',
  'accept-encoding' => 'gzip, deflate',
  'accept-language' => 'zh-CN,zh;q=0.8',
  'cookie' => 'pgv_pvi=1375149056; PHPSESSID=qbqinfi1u2egaijbea6bp4h6r0',
)
[ info ] [ PARAM ] array (
  'id' => NULL,
)
[ info ] [ RUN ] think\captcha\CaptchaController->index[ C:\wamp64\www\muti\vendor\topthink\think-captcha\src\CaptchaController.php ]
[ info ] [ SESSION ] INIT array (
  'id' => '',
  'var_session_id' => '',
  'prefix' => 'think',
  'type' => '',
  'auto_start' => true,
)
[ info ] [ LOG ] INIT File
---------------------------------------------------------------
[ 2017-07-05T23:53:07+08:00 ] ::1 ::1 POST /admin.php/login/doLogin
[ info ] muti.cn/admin.php/login/doLogin [运行时间：0.077715s][吞吐率：12.87req/s] [内存消耗：5,488.87kb] [文件加载：63]
[ info ] [ LANG ] C:\wamp64\www\muti\thinkphp\lang\zh-cn.php
[ info ] [ BIND ] 'admin'
[ info ] [ ROUTE ] array (
  'type' => 'module',
  'module' => 
  array (
    0 => 'admin',
    1 => 'login',
    2 => 'doLogin',
  ),
)
[ info ] [ HEADER ] array (
  'host' => 'muti.cn',
  'connection' => 'keep-alive',
  'content-length' => '43',
  'origin' => 'http://muti.cn',
  'user-agent' => 'Mozilla/5.0 (Windows NT 10.0; Win64; x64) AppleWebKit/537.36 (KHTML, like Gecko) Chrome/59.0.3071.115 Safari/537.36',
  'content-type' => 'application/x-www-form-urlencoded; charset=UTF-8',
  'accept' => 'application/json, text/javascript, */*; q=0.01',
  'x-requested-with' => 'XMLHttpRequest',
  'referer' => 'http://muti.cn/admin.php/login/index',
  'accept-encoding' => 'gzip, deflate',
  'accept-language' => 'zh-CN,zh;q=0.8',
  'cookie' => 'pgv_pvi=1375149056; PHPSESSID=qbqinfi1u2egaijbea6bp4h6r0',
)
[ info ] [ PARAM ] array (
  'account' => 'admin',
  'password' => '123456',
  'captcha' => 'arxak',
)
[ info ] [ LANG ] C:\wamp64\www\muti\public/../application/admin\lang\zh-cn.php
[ info ] [ RUN ] app\admin\controller\Login->doLogin[ C:\wamp64\www\muti\application\admin\controller\Login.php ]
[ info ] [ SESSION ] INIT array (
  'id' => '',
  'var_session_id' => '',
  'prefix' => '',
  'type' => '',
  'auto_start' => true,
)
[ info ] [ DB ] INIT mysql
[ info ] [ LOG ] INIT File
[ sql ] [ DB ] CONNECT:[ UseTime:0.001361s ] mysql:dbname=muti;host=localhost;port=3306;charset=utf8
[ sql ] [ SQL ] SHOW COLUMNS FROM `mt_admin` [ RunTime:0.001035s ]
[ sql ] [ SQL ] SELECT * FROM `mt_admin` WHERE (  `account` = 'admin' ) AND `mt_admin`.`deletetime` IS NULL LIMIT 1 [ RunTime:0.000613s ]
[ sql ] [ SQL ] SHOW COLUMNS FROM `mt_log_record` [ RunTime:0.001000s ]
[ sql ] [ SQL ] INSERT INTO `mt_log_record` (`remark` , `ip` , `user_id` , `browser` , `os`) VALUES ('登录成功' , '::1' , 0 , 'chrome-59' , 'Windows 10') [ RunTime:0.000599s ]
---------------------------------------------------------------
[ 2017-07-05T23:53:07+08:00 ] ::1 ::1 GET /admin.php/captcha?=r0.3559016675080402?=r0.06969589824575029?=r0.285678073819035?=r0.7470499768712862?=r0.9994940110219521?=r0.060394783689938114?=r0.8899089704301657
[ info ] muti.cn/admin.php/captcha?=r0.3559016675080402?=r0.06969589824575029?=r0.285678073819035?=r0.7470499768712862?=r0.9994940110219521?=r0.060394783689938114?=r0.8899089704301657 [运行时间：0.061044s][吞吐率：16.38req/s] [内存消耗：3,308.26kb] [文件加载：40]
[ info ] [ LANG ] C:\wamp64\www\muti\thinkphp\lang\zh-cn.php
[ info ] [ BIND ] 'admin'
[ info ] [ ROUTE ] array (
  'type' => 'method',
  'method' => 
  array (
    0 => '\\think\\captcha\\CaptchaController',
    1 => 'index',
  ),
  'var' => 
  array (
  ),
)
[ info ] [ HEADER ] array (
  'host' => 'muti.cn',
  'connection' => 'keep-alive',
  'user-agent' => 'Mozilla/5.0 (Windows NT 10.0; Win64; x64) AppleWebKit/537.36 (KHTML, like Gecko) Chrome/59.0.3071.115 Safari/537.36',
  'accept' => 'image/webp,image/apng,image/*,*/*;q=0.8',
  'referer' => 'http://muti.cn/admin.php/login/index',
  'accept-encoding' => 'gzip, deflate',
  'accept-language' => 'zh-CN,zh;q=0.8',
  'cookie' => 'pgv_pvi=1375149056; PHPSESSID=qbqinfi1u2egaijbea6bp4h6r0',
)
[ info ] [ PARAM ] array (
  'id' => NULL,
)
[ info ] [ RUN ] think\captcha\CaptchaController->index[ C:\wamp64\www\muti\vendor\topthink\think-captcha\src\CaptchaController.php ]
[ info ] [ SESSION ] INIT array (
  'id' => '',
  'var_session_id' => '',
  'prefix' => 'think',
  'type' => '',
  'auto_start' => true,
)
[ info ] [ LOG ] INIT File
---------------------------------------------------------------
[ 2017-07-05T23:53:07+08:00 ] ::1 ::1 GET /admin.php/index/index
[ info ] muti.cn/admin.php/index/index [运行时间：0.078237s][吞吐率：12.78req/s] [内存消耗：3,908.40kb] [文件加载：53]
[ info ] [ LANG ] C:\wamp64\www\muti\thinkphp\lang\zh-cn.php
[ info ] [ BIND ] 'admin'
[ info ] [ ROUTE ] array (
  'type' => 'module',
  'module' => 
  array (
    0 => 'admin',
    1 => 'index',
    2 => 'index',
  ),
)
[ info ] [ HEADER ] array (
  'host' => 'muti.cn',
  'connection' => 'keep-alive',
  'upgrade-insecure-requests' => '1',
  'user-agent' => 'Mozilla/5.0 (Windows NT 10.0; Win64; x64) AppleWebKit/537.36 (KHTML, like Gecko) Chrome/59.0.3071.115 Safari/537.36',
  'accept' => 'text/html,application/xhtml+xml,application/xml;q=0.9,image/webp,image/apng,*/*;q=0.8',
  'referer' => 'http://muti.cn/admin.php/login/index',
  'accept-encoding' => 'gzip, deflate',
  'accept-language' => 'zh-CN,zh;q=0.8',
  'cookie' => 'pgv_pvi=1375149056; PHPSESSID=qbqinfi1u2egaijbea6bp4h6r0',
)
[ info ] [ PARAM ] array (
)
[ info ] [ LANG ] C:\wamp64\www\muti\public/../application/admin\lang\zh-cn.php
[ info ] [ SESSION ] INIT array (
  'id' => '',
  'var_session_id' => '',
  'prefix' => '',
  'type' => '',
  'auto_start' => true,
)
[ info ] [ VIEW ] C:\wamp64\www\muti\public/../application/admin/view/\dispatch_jump.tpl [ array (
  0 => 'set_lang',
  1 => 'code',
  2 => 'msg',
  3 => 'data',
  4 => 'url',
  5 => 'wait',
) ]
[ info ] [ LOG ] INIT File
---------------------------------------------------------------
[ 2017-07-05T23:53:10+08:00 ] ::1 ::1 GET /admin.php/login/index
[ info ] muti.cn/admin.php/login/index [运行时间：0.055703s][吞吐率：17.95req/s] [内存消耗：3,904.63kb] [文件加载：52]
[ info ] [ LANG ] C:\wamp64\www\muti\thinkphp\lang\zh-cn.php
[ info ] [ BIND ] 'admin'
[ info ] [ ROUTE ] array (
  'type' => 'module',
  'module' => 
  array (
    0 => 'admin',
    1 => 'login',
    2 => 'index',
  ),
)
[ info ] [ HEADER ] array (
  'host' => 'muti.cn',
  'connection' => 'keep-alive',
  'upgrade-insecure-requests' => '1',
  'user-agent' => 'Mozilla/5.0 (Windows NT 10.0; Win64; x64) AppleWebKit/537.36 (KHTML, like Gecko) Chrome/59.0.3071.115 Safari/537.36',
  'accept' => 'text/html,application/xhtml+xml,application/xml;q=0.9,image/webp,image/apng,*/*;q=0.8',
  'referer' => 'http://muti.cn/admin.php/index/index',
  'accept-encoding' => 'gzip, deflate',
  'accept-language' => 'zh-CN,zh;q=0.8',
  'cookie' => 'pgv_pvi=1375149056; PHPSESSID=qbqinfi1u2egaijbea6bp4h6r0',
)
[ info ] [ PARAM ] array (
)
[ info ] [ LANG ] C:\wamp64\www\muti\public/../application/admin\lang\zh-cn.php
[ info ] [ RUN ] app\admin\controller\Login->index[ C:\wamp64\www\muti\application\admin\controller\Login.php ]
[ info ] [ SESSION ] INIT array (
  'id' => '',
  'var_session_id' => '',
  'prefix' => '',
  'type' => '',
  'auto_start' => true,
)
[ info ] [ VIEW ] C:\wamp64\www\muti\public/../application/admin\view\login\index.html [ array (
  0 => 'set_lang',
) ]
[ info ] [ LOG ] INIT File
---------------------------------------------------------------
[ 2017-07-05T23:53:10+08:00 ] ::1 ::1 GET /admin.php/captcha
[ info ] muti.cn/admin.php/captcha [运行时间：0.067917s][吞吐率：14.72req/s] [内存消耗：3,308.05kb] [文件加载：40]
[ info ] [ LANG ] C:\wamp64\www\muti\thinkphp\lang\zh-cn.php
[ info ] [ BIND ] 'admin'
[ info ] [ ROUTE ] array (
  'type' => 'method',
  'method' => 
  array (
    0 => '\\think\\captcha\\CaptchaController',
    1 => 'index',
  ),
  'var' => 
  array (
  ),
)
[ info ] [ HEADER ] array (
  'host' => 'muti.cn',
  'connection' => 'keep-alive',
  'user-agent' => 'Mozilla/5.0 (Windows NT 10.0; Win64; x64) AppleWebKit/537.36 (KHTML, like Gecko) Chrome/59.0.3071.115 Safari/537.36',
  'accept' => 'image/webp,image/apng,image/*,*/*;q=0.8',
  'referer' => 'http://muti.cn/admin.php/login/index',
  'accept-encoding' => 'gzip, deflate',
  'accept-language' => 'zh-CN,zh;q=0.8',
  'cookie' => 'pgv_pvi=1375149056; PHPSESSID=qbqinfi1u2egaijbea6bp4h6r0',
)
[ info ] [ PARAM ] array (
  'id' => NULL,
)
[ info ] [ RUN ] think\captcha\CaptchaController->index[ C:\wamp64\www\muti\vendor\topthink\think-captcha\src\CaptchaController.php ]
[ info ] [ SESSION ] INIT array (
  'id' => '',
  'var_session_id' => '',
  'prefix' => 'think',
  'type' => '',
  'auto_start' => true,
)
[ info ] [ LOG ] INIT File
---------------------------------------------------------------
[ 2017-07-05T23:54:01+08:00 ] ::1 ::1 GET /admin.php/login/index
[ info ] muti.cn/admin.php/login/index [运行时间：0.057625s][吞吐率：17.35req/s] [内存消耗：3,904.93kb] [文件加载：52]
[ info ] [ LANG ] C:\wamp64\www\muti\thinkphp\lang\zh-cn.php
[ info ] [ BIND ] 'admin'
[ info ] [ ROUTE ] array (
  'type' => 'module',
  'module' => 
  array (
    0 => 'admin',
    1 => 'login',
    2 => 'index',
  ),
)
[ info ] [ HEADER ] array (
  'host' => 'muti.cn',
  'connection' => 'keep-alive',
  'cache-control' => 'max-age=0',
  'upgrade-insecure-requests' => '1',
  'user-agent' => 'Mozilla/5.0 (Windows NT 10.0; Win64; x64) AppleWebKit/537.36 (KHTML, like Gecko) Chrome/59.0.3071.115 Safari/537.36',
  'accept' => 'text/html,application/xhtml+xml,application/xml;q=0.9,image/webp,image/apng,*/*;q=0.8',
  'referer' => 'http://muti.cn/admin.php/index/index',
  'accept-encoding' => 'gzip, deflate',
  'accept-language' => 'zh-CN,zh;q=0.8',
  'cookie' => 'pgv_pvi=1375149056; PHPSESSID=qbqinfi1u2egaijbea6bp4h6r0',
)
[ info ] [ PARAM ] array (
)
[ info ] [ LANG ] C:\wamp64\www\muti\public/../application/admin\lang\zh-cn.php
[ info ] [ RUN ] app\admin\controller\Login->index[ C:\wamp64\www\muti\application\admin\controller\Login.php ]
[ info ] [ SESSION ] INIT array (
  'id' => '',
  'var_session_id' => '',
  'prefix' => '',
  'type' => '',
  'auto_start' => true,
)
[ info ] [ VIEW ] C:\wamp64\www\muti\public/../application/admin\view\login\index.html [ array (
  0 => 'set_lang',
) ]
[ info ] [ LOG ] INIT File
---------------------------------------------------------------
[ 2017-07-05T23:54:01+08:00 ] ::1 ::1 GET /admin.php/captcha
[ info ] muti.cn/admin.php/captcha [运行时间：0.066784s][吞吐率：14.97req/s] [内存消耗：3,307.90kb] [文件加载：40]
[ info ] [ LANG ] C:\wamp64\www\muti\thinkphp\lang\zh-cn.php
[ info ] [ BIND ] 'admin'
[ info ] [ ROUTE ] array (
  'type' => 'method',
  'method' => 
  array (
    0 => '\\think\\captcha\\CaptchaController',
    1 => 'index',
  ),
  'var' => 
  array (
  ),
)
[ info ] [ HEADER ] array (
  'host' => 'muti.cn',
  'connection' => 'keep-alive',
  'user-agent' => 'Mozilla/5.0 (Windows NT 10.0; Win64; x64) AppleWebKit/537.36 (KHTML, like Gecko) Chrome/59.0.3071.115 Safari/537.36',
  'accept' => 'image/webp,image/apng,image/*,*/*;q=0.8',
  'referer' => 'http://muti.cn/admin.php/login/index',
  'accept-encoding' => 'gzip, deflate',
  'accept-language' => 'zh-CN,zh;q=0.8',
  'cookie' => 'pgv_pvi=1375149056; PHPSESSID=qbqinfi1u2egaijbea6bp4h6r0',
)
[ info ] [ PARAM ] array (
  'id' => NULL,
)
[ info ] [ RUN ] think\captcha\CaptchaController->index[ C:\wamp64\www\muti\vendor\topthink\think-captcha\src\CaptchaController.php ]
[ info ] [ SESSION ] INIT array (
  'id' => '',
  'var_session_id' => '',
  'prefix' => 'think',
  'type' => '',
  'auto_start' => true,
)
[ info ] [ LOG ] INIT File
---------------------------------------------------------------
[ 2017-07-05T23:54:17+08:00 ] ::1 ::1 POST /admin.php/login/doLogin
[ info ] muti.cn/admin.php/login/doLogin [运行时间：0.076002s][吞吐率：13.16req/s] [内存消耗：5,488.87kb] [文件加载：63]
[ info ] [ LANG ] C:\wamp64\www\muti\thinkphp\lang\zh-cn.php
[ info ] [ BIND ] 'admin'
[ info ] [ ROUTE ] array (
  'type' => 'module',
  'module' => 
  array (
    0 => 'admin',
    1 => 'login',
    2 => 'doLogin',
  ),
)
[ info ] [ HEADER ] array (
  'host' => 'muti.cn',
  'connection' => 'keep-alive',
  'content-length' => '43',
  'origin' => 'http://muti.cn',
  'user-agent' => 'Mozilla/5.0 (Windows NT 10.0; Win64; x64) AppleWebKit/537.36 (KHTML, like Gecko) Chrome/59.0.3071.115 Safari/537.36',
  'content-type' => 'application/x-www-form-urlencoded; charset=UTF-8',
  'accept' => 'application/json, text/javascript, */*; q=0.01',
  'x-requested-with' => 'XMLHttpRequest',
  'referer' => 'http://muti.cn/admin.php/login/index',
  'accept-encoding' => 'gzip, deflate',
  'accept-language' => 'zh-CN,zh;q=0.8',
  'cookie' => 'pgv_pvi=1375149056; PHPSESSID=qbqinfi1u2egaijbea6bp4h6r0',
)
[ info ] [ PARAM ] array (
  'account' => 'admin',
  'password' => '123456',
  'captcha' => 'bvvnh',
)
[ info ] [ LANG ] C:\wamp64\www\muti\public/../application/admin\lang\zh-cn.php
[ info ] [ RUN ] app\admin\controller\Login->doLogin[ C:\wamp64\www\muti\application\admin\controller\Login.php ]
[ info ] [ SESSION ] INIT array (
  'id' => '',
  'var_session_id' => '',
  'prefix' => '',
  'type' => '',
  'auto_start' => true,
)
[ info ] [ DB ] INIT mysql
[ info ] [ LOG ] INIT File
[ sql ] [ DB ] CONNECT:[ UseTime:0.001624s ] mysql:dbname=muti;host=localhost;port=3306;charset=utf8
[ sql ] [ SQL ] SHOW COLUMNS FROM `mt_admin` [ RunTime:0.001578s ]
[ sql ] [ SQL ] SELECT * FROM `mt_admin` WHERE (  `account` = 'admin' ) AND `mt_admin`.`deletetime` IS NULL LIMIT 1 [ RunTime:0.000683s ]
[ sql ] [ SQL ] SHOW COLUMNS FROM `mt_log_record` [ RunTime:0.000838s ]
[ sql ] [ SQL ] INSERT INTO `mt_log_record` (`remark` , `ip` , `user_id` , `browser` , `os`) VALUES ('登录成功' , '::1' , 0 , 'chrome-59' , 'Windows 10') [ RunTime:0.000386s ]
---------------------------------------------------------------
[ 2017-07-05T23:54:17+08:00 ] ::1 ::1 GET /admin.php/captcha?=r0.5565710846125507
[ info ] muti.cn/admin.php/captcha?=r0.5565710846125507 [运行时间：0.055777s][吞吐率：17.93req/s] [内存消耗：3,308.02kb] [文件加载：40]
[ info ] [ LANG ] C:\wamp64\www\muti\thinkphp\lang\zh-cn.php
[ info ] [ BIND ] 'admin'
[ info ] [ ROUTE ] array (
  'type' => 'method',
  'method' => 
  array (
    0 => '\\think\\captcha\\CaptchaController',
    1 => 'index',
  ),
  'var' => 
  array (
  ),
)
[ info ] [ HEADER ] array (
  'host' => 'muti.cn',
  'connection' => 'keep-alive',
  'user-agent' => 'Mozilla/5.0 (Windows NT 10.0; Win64; x64) AppleWebKit/537.36 (KHTML, like Gecko) Chrome/59.0.3071.115 Safari/537.36',
  'accept' => 'image/webp,image/apng,image/*,*/*;q=0.8',
  'referer' => 'http://muti.cn/admin.php/login/index',
  'accept-encoding' => 'gzip, deflate',
  'accept-language' => 'zh-CN,zh;q=0.8',
  'cookie' => 'pgv_pvi=1375149056; PHPSESSID=qbqinfi1u2egaijbea6bp4h6r0',
)
[ info ] [ PARAM ] array (
  'id' => NULL,
)
[ info ] [ RUN ] think\captcha\CaptchaController->index[ C:\wamp64\www\muti\vendor\topthink\think-captcha\src\CaptchaController.php ]
[ info ] [ SESSION ] INIT array (
  'id' => '',
  'var_session_id' => '',
  'prefix' => 'think',
  'type' => '',
  'auto_start' => true,
)
[ info ] [ LOG ] INIT File
---------------------------------------------------------------
[ 2017-07-05T23:54:17+08:00 ] ::1 ::1 GET /admin.php/index/index
[ info ] muti.cn/admin.php/index/index [运行时间：0.072732s][吞吐率：13.75req/s] [内存消耗：3,908.84kb] [文件加载：53]
[ info ] [ LANG ] C:\wamp64\www\muti\thinkphp\lang\zh-cn.php
[ info ] [ BIND ] 'admin'
[ info ] [ ROUTE ] array (
  'type' => 'module',
  'module' => 
  array (
    0 => 'admin',
    1 => 'index',
    2 => 'index',
  ),
)
[ info ] [ HEADER ] array (
  'host' => 'muti.cn',
  'connection' => 'keep-alive',
  'upgrade-insecure-requests' => '1',
  'user-agent' => 'Mozilla/5.0 (Windows NT 10.0; Win64; x64) AppleWebKit/537.36 (KHTML, like Gecko) Chrome/59.0.3071.115 Safari/537.36',
  'accept' => 'text/html,application/xhtml+xml,application/xml;q=0.9,image/webp,image/apng,*/*;q=0.8',
  'referer' => 'http://muti.cn/admin.php/login/index',
  'accept-encoding' => 'gzip, deflate',
  'accept-language' => 'zh-CN,zh;q=0.8',
  'cookie' => 'pgv_pvi=1375149056; PHPSESSID=qbqinfi1u2egaijbea6bp4h6r0',
)
[ info ] [ PARAM ] array (
)
[ info ] [ LANG ] C:\wamp64\www\muti\public/../application/admin\lang\zh-cn.php
[ info ] [ SESSION ] INIT array (
  'id' => '',
  'var_session_id' => '',
  'prefix' => '',
  'type' => '',
  'auto_start' => true,
)
[ info ] [ VIEW ] C:\wamp64\www\muti\public/../application/admin/view/\dispatch_jump.tpl [ array (
  0 => 'set_lang',
  1 => 'code',
  2 => 'msg',
  3 => 'data',
  4 => 'url',
  5 => 'wait',
) ]
[ info ] [ LOG ] INIT File
---------------------------------------------------------------
[ 2017-07-05T23:54:20+08:00 ] ::1 ::1 GET /admin.php/login/index
[ info ] muti.cn/admin.php/login/index [运行时间：0.060459s][吞吐率：16.54req/s] [内存消耗：3,904.63kb] [文件加载：52]
[ info ] [ LANG ] C:\wamp64\www\muti\thinkphp\lang\zh-cn.php
[ info ] [ BIND ] 'admin'
[ info ] [ ROUTE ] array (
  'type' => 'module',
  'module' => 
  array (
    0 => 'admin',
    1 => 'login',
    2 => 'index',
  ),
)
[ info ] [ HEADER ] array (
  'host' => 'muti.cn',
  'connection' => 'keep-alive',
  'upgrade-insecure-requests' => '1',
  'user-agent' => 'Mozilla/5.0 (Windows NT 10.0; Win64; x64) AppleWebKit/537.36 (KHTML, like Gecko) Chrome/59.0.3071.115 Safari/537.36',
  'accept' => 'text/html,application/xhtml+xml,application/xml;q=0.9,image/webp,image/apng,*/*;q=0.8',
  'referer' => 'http://muti.cn/admin.php/index/index',
  'accept-encoding' => 'gzip, deflate',
  'accept-language' => 'zh-CN,zh;q=0.8',
  'cookie' => 'pgv_pvi=1375149056; PHPSESSID=qbqinfi1u2egaijbea6bp4h6r0',
)
[ info ] [ PARAM ] array (
)
[ info ] [ LANG ] C:\wamp64\www\muti\public/../application/admin\lang\zh-cn.php
[ info ] [ RUN ] app\admin\controller\Login->index[ C:\wamp64\www\muti\application\admin\controller\Login.php ]
[ info ] [ SESSION ] INIT array (
  'id' => '',
  'var_session_id' => '',
  'prefix' => '',
  'type' => '',
  'auto_start' => true,
)
[ info ] [ VIEW ] C:\wamp64\www\muti\public/../application/admin\view\login\index.html [ array (
  0 => 'set_lang',
) ]
[ info ] [ LOG ] INIT File
---------------------------------------------------------------
[ 2017-07-05T23:54:20+08:00 ] ::1 ::1 GET /admin.php/captcha
[ info ] muti.cn/admin.php/captcha [运行时间：0.062423s][吞吐率：16.02req/s] [内存消耗：3,307.98kb] [文件加载：40]
[ info ] [ LANG ] C:\wamp64\www\muti\thinkphp\lang\zh-cn.php
[ info ] [ BIND ] 'admin'
[ info ] [ ROUTE ] array (
  'type' => 'method',
  'method' => 
  array (
    0 => '\\think\\captcha\\CaptchaController',
    1 => 'index',
  ),
  'var' => 
  array (
  ),
)
[ info ] [ HEADER ] array (
  'host' => 'muti.cn',
  'connection' => 'keep-alive',
  'user-agent' => 'Mozilla/5.0 (Windows NT 10.0; Win64; x64) AppleWebKit/537.36 (KHTML, like Gecko) Chrome/59.0.3071.115 Safari/537.36',
  'accept' => 'image/webp,image/apng,image/*,*/*;q=0.8',
  'referer' => 'http://muti.cn/admin.php/login/index',
  'accept-encoding' => 'gzip, deflate',
  'accept-language' => 'zh-CN,zh;q=0.8',
  'cookie' => 'pgv_pvi=1375149056; PHPSESSID=qbqinfi1u2egaijbea6bp4h6r0',
)
[ info ] [ PARAM ] array (
  'id' => NULL,
)
[ info ] [ RUN ] think\captcha\CaptchaController->index[ C:\wamp64\www\muti\vendor\topthink\think-captcha\src\CaptchaController.php ]
[ info ] [ SESSION ] INIT array (
  'id' => '',
  'var_session_id' => '',
  'prefix' => 'think',
  'type' => '',
  'auto_start' => true,
)
[ info ] [ LOG ] INIT File
---------------------------------------------------------------
[ 2017-07-05T23:55:05+08:00 ] ::1 ::1 POST /admin.php/login/doLogin
[ info ] muti.cn/admin.php/login/doLogin [运行时间：0.083666s][吞吐率：11.95req/s] [内存消耗：5,488.87kb] [文件加载：63]
[ info ] [ LANG ] C:\wamp64\www\muti\thinkphp\lang\zh-cn.php
[ info ] [ BIND ] 'admin'
[ info ] [ ROUTE ] array (
  'type' => 'module',
  'module' => 
  array (
    0 => 'admin',
    1 => 'login',
    2 => 'doLogin',
  ),
)
[ info ] [ HEADER ] array (
  'host' => 'muti.cn',
  'connection' => 'keep-alive',
  'content-length' => '43',
  'origin' => 'http://muti.cn',
  'user-agent' => 'Mozilla/5.0 (Windows NT 10.0; Win64; x64) AppleWebKit/537.36 (KHTML, like Gecko) Chrome/59.0.3071.115 Safari/537.36',
  'content-type' => 'application/x-www-form-urlencoded; charset=UTF-8',
  'accept' => 'application/json, text/javascript, */*; q=0.01',
  'x-requested-with' => 'XMLHttpRequest',
  'referer' => 'http://muti.cn/admin.php/login/index',
  'accept-encoding' => 'gzip, deflate',
  'accept-language' => 'zh-CN,zh;q=0.8',
  'cookie' => 'pgv_pvi=1375149056; PHPSESSID=qbqinfi1u2egaijbea6bp4h6r0',
)
[ info ] [ PARAM ] array (
  'account' => 'admin',
  'password' => '123456',
  'captcha' => 'fb4mw',
)
[ info ] [ LANG ] C:\wamp64\www\muti\public/../application/admin\lang\zh-cn.php
[ info ] [ RUN ] app\admin\controller\Login->doLogin[ C:\wamp64\www\muti\application\admin\controller\Login.php ]
[ info ] [ SESSION ] INIT array (
  'id' => '',
  'var_session_id' => '',
  'prefix' => '',
  'type' => '',
  'auto_start' => true,
)
[ info ] [ DB ] INIT mysql
[ info ] [ LOG ] INIT File
[ sql ] [ DB ] CONNECT:[ UseTime:0.001447s ] mysql:dbname=muti;host=localhost;port=3306;charset=utf8
[ sql ] [ SQL ] SHOW COLUMNS FROM `mt_admin` [ RunTime:0.001106s ]
[ sql ] [ SQL ] SELECT * FROM `mt_admin` WHERE (  `account` = 'admin' ) AND `mt_admin`.`deletetime` IS NULL LIMIT 1 [ RunTime:0.000652s ]
[ sql ] [ SQL ] SHOW COLUMNS FROM `mt_log_record` [ RunTime:0.001062s ]
[ sql ] [ SQL ] INSERT INTO `mt_log_record` (`remark` , `ip` , `user_id` , `browser` , `os`) VALUES ('登录成功' , '::1' , 0 , 'chrome-59' , 'Windows 10') [ RunTime:0.000717s ]
---------------------------------------------------------------
[ 2017-07-05T23:55:05+08:00 ] ::1 ::1 GET /admin.php/captcha?=r0.28508580749340817
[ info ] muti.cn/admin.php/captcha?=r0.28508580749340817 [运行时间：0.057994s][吞吐率：17.24req/s] [内存消耗：3,307.98kb] [文件加载：40]
[ info ] [ LANG ] C:\wamp64\www\muti\thinkphp\lang\zh-cn.php
[ info ] [ BIND ] 'admin'
[ info ] [ ROUTE ] array (
  'type' => 'method',
  'method' => 
  array (
    0 => '\\think\\captcha\\CaptchaController',
    1 => 'index',
  ),
  'var' => 
  array (
  ),
)
[ info ] [ HEADER ] array (
  'host' => 'muti.cn',
  'connection' => 'keep-alive',
  'user-agent' => 'Mozilla/5.0 (Windows NT 10.0; Win64; x64) AppleWebKit/537.36 (KHTML, like Gecko) Chrome/59.0.3071.115 Safari/537.36',
  'accept' => 'image/webp,image/apng,image/*,*/*;q=0.8',
  'referer' => 'http://muti.cn/admin.php/login/index',
  'accept-encoding' => 'gzip, deflate',
  'accept-language' => 'zh-CN,zh;q=0.8',
  'cookie' => 'pgv_pvi=1375149056; PHPSESSID=qbqinfi1u2egaijbea6bp4h6r0',
)
[ info ] [ PARAM ] array (
  'id' => NULL,
)
[ info ] [ RUN ] think\captcha\CaptchaController->index[ C:\wamp64\www\muti\vendor\topthink\think-captcha\src\CaptchaController.php ]
[ info ] [ SESSION ] INIT array (
  'id' => '',
  'var_session_id' => '',
  'prefix' => 'think',
  'type' => '',
  'auto_start' => true,
)
[ info ] [ LOG ] INIT File
---------------------------------------------------------------
[ 2017-07-05T23:55:05+08:00 ] ::1 ::1 GET /admin.php/index/index
[ info ] muti.cn/admin.php/index/index [运行时间：0.074502s][吞吐率：13.42req/s] [内存消耗：3,908.40kb] [文件加载：53]
[ info ] [ LANG ] C:\wamp64\www\muti\thinkphp\lang\zh-cn.php
[ info ] [ BIND ] 'admin'
[ info ] [ ROUTE ] array (
  'type' => 'module',
  'module' => 
  array (
    0 => 'admin',
    1 => 'index',
    2 => 'index',
  ),
)
[ info ] [ HEADER ] array (
  'host' => 'muti.cn',
  'connection' => 'keep-alive',
  'upgrade-insecure-requests' => '1',
  'user-agent' => 'Mozilla/5.0 (Windows NT 10.0; Win64; x64) AppleWebKit/537.36 (KHTML, like Gecko) Chrome/59.0.3071.115 Safari/537.36',
  'accept' => 'text/html,application/xhtml+xml,application/xml;q=0.9,image/webp,image/apng,*/*;q=0.8',
  'referer' => 'http://muti.cn/admin.php/login/index',
  'accept-encoding' => 'gzip, deflate',
  'accept-language' => 'zh-CN,zh;q=0.8',
  'cookie' => 'pgv_pvi=1375149056; PHPSESSID=qbqinfi1u2egaijbea6bp4h6r0',
)
[ info ] [ PARAM ] array (
)
[ info ] [ LANG ] C:\wamp64\www\muti\public/../application/admin\lang\zh-cn.php
[ info ] [ SESSION ] INIT array (
  'id' => '',
  'var_session_id' => '',
  'prefix' => '',
  'type' => '',
  'auto_start' => true,
)
[ info ] [ VIEW ] C:\wamp64\www\muti\public/../application/admin/view/\dispatch_jump.tpl [ array (
  0 => 'set_lang',
  1 => 'code',
  2 => 'msg',
  3 => 'data',
  4 => 'url',
  5 => 'wait',
) ]
[ info ] [ LOG ] INIT File
---------------------------------------------------------------
[ 2017-07-05T23:55:08+08:00 ] ::1 ::1 GET /admin.php/login/index
[ info ] muti.cn/admin.php/login/index [运行时间：0.053808s][吞吐率：18.58req/s] [内存消耗：3,904.63kb] [文件加载：52]
[ info ] [ LANG ] C:\wamp64\www\muti\thinkphp\lang\zh-cn.php
[ info ] [ BIND ] 'admin'
[ info ] [ ROUTE ] array (
  'type' => 'module',
  'module' => 
  array (
    0 => 'admin',
    1 => 'login',
    2 => 'index',
  ),
)
[ info ] [ HEADER ] array (
  'host' => 'muti.cn',
  'connection' => 'keep-alive',
  'upgrade-insecure-requests' => '1',
  'user-agent' => 'Mozilla/5.0 (Windows NT 10.0; Win64; x64) AppleWebKit/537.36 (KHTML, like Gecko) Chrome/59.0.3071.115 Safari/537.36',
  'accept' => 'text/html,application/xhtml+xml,application/xml;q=0.9,image/webp,image/apng,*/*;q=0.8',
  'referer' => 'http://muti.cn/admin.php/index/index',
  'accept-encoding' => 'gzip, deflate',
  'accept-language' => 'zh-CN,zh;q=0.8',
  'cookie' => 'pgv_pvi=1375149056; PHPSESSID=qbqinfi1u2egaijbea6bp4h6r0',
)
[ info ] [ PARAM ] array (
)
[ info ] [ LANG ] C:\wamp64\www\muti\public/../application/admin\lang\zh-cn.php
[ info ] [ RUN ] app\admin\controller\Login->index[ C:\wamp64\www\muti\application\admin\controller\Login.php ]
[ info ] [ SESSION ] INIT array (
  'id' => '',
  'var_session_id' => '',
  'prefix' => '',
  'type' => '',
  'auto_start' => true,
)
[ info ] [ VIEW ] C:\wamp64\www\muti\public/../application/admin\view\login\index.html [ array (
  0 => 'set_lang',
) ]
[ info ] [ LOG ] INIT File
---------------------------------------------------------------
[ 2017-07-05T23:55:08+08:00 ] ::1 ::1 GET /admin.php/captcha
[ info ] muti.cn/admin.php/captcha [运行时间：0.080056s][吞吐率：12.49req/s] [内存消耗：3,308.00kb] [文件加载：40]
[ info ] [ LANG ] C:\wamp64\www\muti\thinkphp\lang\zh-cn.php
[ info ] [ BIND ] 'admin'
[ info ] [ ROUTE ] array (
  'type' => 'method',
  'method' => 
  array (
    0 => '\\think\\captcha\\CaptchaController',
    1 => 'index',
  ),
  'var' => 
  array (
  ),
)
[ info ] [ HEADER ] array (
  'host' => 'muti.cn',
  'connection' => 'keep-alive',
  'user-agent' => 'Mozilla/5.0 (Windows NT 10.0; Win64; x64) AppleWebKit/537.36 (KHTML, like Gecko) Chrome/59.0.3071.115 Safari/537.36',
  'accept' => 'image/webp,image/apng,image/*,*/*;q=0.8',
  'referer' => 'http://muti.cn/admin.php/login/index',
  'accept-encoding' => 'gzip, deflate',
  'accept-language' => 'zh-CN,zh;q=0.8',
  'cookie' => 'pgv_pvi=1375149056; PHPSESSID=qbqinfi1u2egaijbea6bp4h6r0',
)
[ info ] [ PARAM ] array (
  'id' => NULL,
)
[ info ] [ RUN ] think\captcha\CaptchaController->index[ C:\wamp64\www\muti\vendor\topthink\think-captcha\src\CaptchaController.php ]
[ info ] [ SESSION ] INIT array (
  'id' => '',
  'var_session_id' => '',
  'prefix' => 'think',
  'type' => '',
  'auto_start' => true,
)
[ info ] [ LOG ] INIT File
---------------------------------------------------------------
[ 2017-07-05T23:55:08+08:00 ] ::1 ::1 GET /admin.php/captcha?=r0.28508580749340817
[ info ] muti.cn/admin.php/captcha?=r0.28508580749340817 [运行时间：0.050746s][吞吐率：19.71req/s] [内存消耗：3,307.97kb] [文件加载：40]
[ info ] [ LANG ] C:\wamp64\www\muti\thinkphp\lang\zh-cn.php
[ info ] [ BIND ] 'admin'
[ info ] [ ROUTE ] array (
  'type' => 'method',
  'method' => 
  array (
    0 => '\\think\\captcha\\CaptchaController',
    1 => 'index',
  ),
  'var' => 
  array (
  ),
)
[ info ] [ HEADER ] array (
  'host' => 'muti.cn',
  'connection' => 'keep-alive',
  'user-agent' => 'Mozilla/5.0 (Windows NT 10.0; Win64; x64) AppleWebKit/537.36 (KHTML, like Gecko) Chrome/59.0.3071.115 Safari/537.36',
  'accept' => 'image/webp,image/apng,image/*,*/*;q=0.8',
  'accept-encoding' => 'gzip, deflate',
  'accept-language' => 'zh-CN,zh;q=0.8',
  'cookie' => 'pgv_pvi=1375149056; PHPSESSID=qbqinfi1u2egaijbea6bp4h6r0',
)
[ info ] [ PARAM ] array (
  'id' => NULL,
)
[ info ] [ RUN ] think\captcha\CaptchaController->index[ C:\wamp64\www\muti\vendor\topthink\think-captcha\src\CaptchaController.php ]
[ info ] [ SESSION ] INIT array (
  'id' => '',
  'var_session_id' => '',
  'prefix' => 'think',
  'type' => '',
  'auto_start' => true,
)
[ info ] [ LOG ] INIT File
---------------------------------------------------------------
[ 2017-07-05T23:56:26+08:00 ] ::1 ::1 GET /admin.php/login/index?XDEBUG_SESSION_START=netbeans-xdebug
[ info ] muti.cn/admin.php/login/index?XDEBUG_SESSION_START=netbeans-xdebug [运行时间：0.058326s][吞吐率：17.15req/s] [内存消耗：3,904.56kb] [文件加载：52]
[ info ] [ LANG ] C:\wamp64\www\muti\thinkphp\lang\zh-cn.php
[ info ] [ BIND ] 'admin'
[ info ] [ ROUTE ] array (
  'type' => 'module',
  'module' => 
  array (
    0 => 'admin',
    1 => 'login',
    2 => 'index',
  ),
)
[ info ] [ HEADER ] array (
  'host' => 'muti.cn',
  'connection' => 'keep-alive',
  'upgrade-insecure-requests' => '1',
  'user-agent' => 'Mozilla/5.0 (Windows NT 10.0; Win64; x64) AppleWebKit/537.36 (KHTML, like Gecko) Chrome/59.0.3071.115 Safari/537.36',
  'accept' => 'text/html,application/xhtml+xml,application/xml;q=0.9,image/webp,image/apng,*/*;q=0.8',
  'accept-encoding' => 'gzip, deflate',
  'accept-language' => 'zh-CN,zh;q=0.8',
  'cookie' => 'pgv_pvi=1375149056; PHPSESSID=qbqinfi1u2egaijbea6bp4h6r0',
)
[ info ] [ PARAM ] array (
  'XDEBUG_SESSION_START' => 'netbeans-xdebug',
)
[ info ] [ LANG ] C:\wamp64\www\muti\public/../application/admin\lang\zh-cn.php
[ info ] [ RUN ] app\admin\controller\Login->index[ C:\wamp64\www\muti\application\admin\controller\Login.php ]
[ info ] [ SESSION ] INIT array (
  'id' => '',
  'var_session_id' => '',
  'prefix' => '',
  'type' => '',
  'auto_start' => true,
)
[ info ] [ VIEW ] C:\wamp64\www\muti\public/../application/admin\view\login\index.html [ array (
  0 => 'set_lang',
) ]
[ info ] [ LOG ] INIT File
---------------------------------------------------------------
[ 2017-07-05T23:56:28+08:00 ] ::1 ::1 GET /admin.php/captcha
[ info ] muti.cn/admin.php/captcha [运行时间：0.053088s][吞吐率：18.84req/s] [内存消耗：3,308.28kb] [文件加载：40]
[ info ] [ LANG ] C:\wamp64\www\muti\thinkphp\lang\zh-cn.php
[ info ] [ BIND ] 'admin'
[ info ] [ ROUTE ] array (
  'type' => 'method',
  'method' => 
  array (
    0 => '\\think\\captcha\\CaptchaController',
    1 => 'index',
  ),
  'var' => 
  array (
  ),
)
[ info ] [ HEADER ] array (
  'host' => 'muti.cn',
  'connection' => 'keep-alive',
  'user-agent' => 'Mozilla/5.0 (Windows NT 10.0; Win64; x64) AppleWebKit/537.36 (KHTML, like Gecko) Chrome/59.0.3071.115 Safari/537.36',
  'accept' => 'image/webp,image/apng,image/*,*/*;q=0.8',
  'referer' => 'http://muti.cn/admin.php/login/index?XDEBUG_SESSION_START=netbeans-xdebug',
  'accept-encoding' => 'gzip, deflate',
  'accept-language' => 'zh-CN,zh;q=0.8',
  'cookie' => 'pgv_pvi=1375149056; PHPSESSID=qbqinfi1u2egaijbea6bp4h6r0; XDEBUG_SESSION=netbeans-xdebug',
)
[ info ] [ PARAM ] array (
  'id' => NULL,
)
[ info ] [ RUN ] think\captcha\CaptchaController->index[ C:\wamp64\www\muti\vendor\topthink\think-captcha\src\CaptchaController.php ]
[ info ] [ SESSION ] INIT array (
  'id' => '',
  'var_session_id' => '',
  'prefix' => 'think',
  'type' => '',
  'auto_start' => true,
)
[ info ] [ LOG ] INIT File
---------------------------------------------------------------
[ 2017-07-05T23:56:57+08:00 ] ::1 ::1 POST /admin.php/login/doLogin
[ info ] muti.cn/admin.php/login/doLogin [运行时间：2.368125s][吞吐率：0.42req/s] [内存消耗：3,884.55kb] [文件加载：52]
[ info ] [ LANG ] C:\wamp64\www\muti\thinkphp\lang\zh-cn.php
[ info ] [ BIND ] 'admin'
[ info ] [ ROUTE ] array (
  'type' => 'module',
  'module' => 
  array (
    0 => 'admin',
    1 => 'login',
    2 => 'doLogin',
  ),
)
[ info ] [ HEADER ] array (
  'host' => 'muti.cn',
  'connection' => 'keep-alive',
  'content-length' => '43',
  'origin' => 'http://muti.cn',
  'user-agent' => 'Mozilla/5.0 (Windows NT 10.0; Win64; x64) AppleWebKit/537.36 (KHTML, like Gecko) Chrome/59.0.3071.115 Safari/537.36',
  'content-type' => 'application/x-www-form-urlencoded; charset=UTF-8',
  'accept' => 'application/json, text/javascript, */*; q=0.01',
  'x-requested-with' => 'XMLHttpRequest',
  'referer' => 'http://muti.cn/admin.php/login/index?XDEBUG_SESSION_START=netbeans-xdebug',
  'accept-encoding' => 'gzip, deflate',
  'accept-language' => 'zh-CN,zh;q=0.8',
  'cookie' => 'pgv_pvi=1375149056; PHPSESSID=qbqinfi1u2egaijbea6bp4h6r0; XDEBUG_SESSION=netbeans-xdebug',
)
[ info ] [ PARAM ] array (
  'account' => 'admin',
  'password' => '123456',
  'captcha' => 'nhkyq',
)
[ info ] [ LANG ] C:\wamp64\www\muti\public/../application/admin\lang\zh-cn.php
[ info ] [ RUN ] app\admin\controller\Login->doLogin[ C:\wamp64\www\muti\application\admin\controller\Login.php ]
[ info ] [ SESSION ] INIT array (
  'id' => '',
  'var_session_id' => '',
  'prefix' => '',
  'type' => '',
  'auto_start' => true,
)
[ info ] [ LOG ] INIT File
---------------------------------------------------------------
[ 2017-07-05T23:57:09+08:00 ] ::1 ::1 GET /admin.php/captcha?=r0.3401042560668537
[ info ] muti.cn/admin.php/captcha?=r0.3401042560668537 [运行时间：1.966136s][吞吐率：0.51req/s] [内存消耗：3,308.22kb] [文件加载：40]
[ info ] [ LANG ] C:\wamp64\www\muti\thinkphp\lang\zh-cn.php
[ info ] [ BIND ] 'admin'
[ info ] [ ROUTE ] array (
  'type' => 'method',
  'method' => 
  array (
    0 => '\\think\\captcha\\CaptchaController',
    1 => 'index',
  ),
  'var' => 
  array (
  ),
)
[ info ] [ HEADER ] array (
  'host' => 'muti.cn',
  'connection' => 'keep-alive',
  'user-agent' => 'Mozilla/5.0 (Windows NT 10.0; Win64; x64) AppleWebKit/537.36 (KHTML, like Gecko) Chrome/59.0.3071.115 Safari/537.36',
  'accept' => 'image/webp,image/apng,image/*,*/*;q=0.8',
  'referer' => 'http://muti.cn/admin.php/login/index?XDEBUG_SESSION_START=netbeans-xdebug',
  'accept-encoding' => 'gzip, deflate',
  'accept-language' => 'zh-CN,zh;q=0.8',
  'cookie' => 'pgv_pvi=1375149056; PHPSESSID=qbqinfi1u2egaijbea6bp4h6r0; XDEBUG_SESSION=netbeans-xdebug',
)
[ info ] [ PARAM ] array (
  'id' => NULL,
)
[ info ] [ RUN ] think\captcha\CaptchaController->index[ C:\wamp64\www\muti\vendor\topthink\think-captcha\src\CaptchaController.php ]
[ info ] [ SESSION ] INIT array (
  'id' => '',
  'var_session_id' => '',
  'prefix' => 'think',
  'type' => '',
  'auto_start' => true,
)
[ info ] [ LOG ] INIT File
---------------------------------------------------------------
[ 2017-07-05T23:58:03+08:00 ] ::1 ::1 POST /admin.php/login/doLogin
[ info ] muti.cn/admin.php/login/doLogin [运行时间：28.913863s][吞吐率：0.03req/s] [内存消耗：5,495.88kb] [文件加载：63]
[ info ] [ LANG ] C:\wamp64\www\muti\thinkphp\lang\zh-cn.php
[ info ] [ BIND ] 'admin'
[ info ] [ ROUTE ] array (
  'type' => 'module',
  'module' => 
  array (
    0 => 'admin',
    1 => 'login',
    2 => 'doLogin',
  ),
)
[ info ] [ HEADER ] array (
  'host' => 'muti.cn',
  'connection' => 'keep-alive',
  'content-length' => '43',
  'origin' => 'http://muti.cn',
  'user-agent' => 'Mozilla/5.0 (Windows NT 10.0; Win64; x64) AppleWebKit/537.36 (KHTML, like Gecko) Chrome/59.0.3071.115 Safari/537.36',
  'content-type' => 'application/x-www-form-urlencoded; charset=UTF-8',
  'accept' => 'application/json, text/javascript, */*; q=0.01',
  'x-requested-with' => 'XMLHttpRequest',
  'referer' => 'http://muti.cn/admin.php/login/index?XDEBUG_SESSION_START=netbeans-xdebug',
  'accept-encoding' => 'gzip, deflate',
  'accept-language' => 'zh-CN,zh;q=0.8',
  'cookie' => 'pgv_pvi=1375149056; PHPSESSID=qbqinfi1u2egaijbea6bp4h6r0; XDEBUG_SESSION=netbeans-xdebug',
)
[ info ] [ PARAM ] array (
  'account' => 'admin',
  'password' => '123456',
  'captcha' => 'u6qf7',
)
[ info ] [ LANG ] C:\wamp64\www\muti\public/../application/admin\lang\zh-cn.php
[ info ] [ RUN ] app\admin\controller\Login->doLogin[ C:\wamp64\www\muti\application\admin\controller\Login.php ]
[ info ] [ SESSION ] INIT array (
  'id' => '',
  'var_session_id' => '',
  'prefix' => '',
  'type' => '',
  'auto_start' => true,
)
[ info ] [ DB ] INIT mysql
[ info ] [ LOG ] INIT File
[ sql ] [ DB ] CONNECT:[ UseTime:0.001616s ] mysql:dbname=muti;host=localhost;port=3306;charset=utf8
[ sql ] [ SQL ] SHOW COLUMNS FROM `mt_admin` [ RunTime:0.001927s ]
[ sql ] [ SQL ] SELECT * FROM `mt_admin` WHERE (  `account` = 'admin' ) AND `mt_admin`.`deletetime` IS NULL LIMIT 1 [ RunTime:0.000661s ]
[ sql ] [ SQL ] SHOW COLUMNS FROM `mt_log_record` [ RunTime:0.001091s ]
[ sql ] [ SQL ] INSERT INTO `mt_log_record` (`remark` , `ip` , `user_id` , `browser` , `os`) VALUES ('登录成功' , '::1' , 0 , 'chrome-59' , 'Windows 10') [ RunTime:0.000793s ]
---------------------------------------------------------------
[ 2017-07-05T23:58:27+08:00 ] ::1 ::1 GET /admin.php/captcha?=r0.3401042560668537?=r0.27057949540986415
[ info ] muti.cn/admin.php/captcha?=r0.3401042560668537?=r0.27057949540986415 [运行时间：5.281042s][吞吐率：0.19req/s] [内存消耗：3,308.20kb] [文件加载：40]
[ info ] [ LANG ] C:\wamp64\www\muti\thinkphp\lang\zh-cn.php
[ info ] [ BIND ] 'admin'
[ info ] [ ROUTE ] array (
  'type' => 'method',
  'method' => 
  array (
    0 => '\\think\\captcha\\CaptchaController',
    1 => 'index',
  ),
  'var' => 
  array (
  ),
)
[ info ] [ HEADER ] array (
  'host' => 'muti.cn',
  'connection' => 'keep-alive',
  'user-agent' => 'Mozilla/5.0 (Windows NT 10.0; Win64; x64) AppleWebKit/537.36 (KHTML, like Gecko) Chrome/59.0.3071.115 Safari/537.36',
  'accept' => 'image/webp,image/apng,image/*,*/*;q=0.8',
  'referer' => 'http://muti.cn/admin.php/login/index?XDEBUG_SESSION_START=netbeans-xdebug',
  'accept-encoding' => 'gzip, deflate',
  'accept-language' => 'zh-CN,zh;q=0.8',
  'cookie' => 'pgv_pvi=1375149056; PHPSESSID=qbqinfi1u2egaijbea6bp4h6r0; XDEBUG_SESSION=netbeans-xdebug',
)
[ info ] [ PARAM ] array (
  'id' => NULL,
)
[ info ] [ RUN ] think\captcha\CaptchaController->index[ C:\wamp64\www\muti\vendor\topthink\think-captcha\src\CaptchaController.php ]
[ info ] [ SESSION ] INIT array (
  'id' => '',
  'var_session_id' => '',
  'prefix' => 'think',
  'type' => '',
  'auto_start' => true,
)
[ info ] [ LOG ] INIT File
